<?xml version="1.0" encoding="UTF-8"?>
<testsuite name="controllers.SubjectAPITest$CRUD" tests="8" skipped="0" failures="0" errors="0" timestamp="2023-12-03T13:02:08" hostname="DESKTOP-H2TFO59" time="0.122">
  <properties/>
  <testcase name="Updating a subject that exists updates the subject()" classname="controllers.SubjectAPITest$CRUD" time="0.053"/>
  <testcase name="Deleting an existing subject removes it from the Array List()" classname="controllers.SubjectAPITest$CRUD" time="0.001"/>
  <testcase name="Deleting a non-existent subject returns null (error handling)()" classname="controllers.SubjectAPITest$CRUD" time="0.002"/>
  <testcase name="Trying to update a subject that doesn't exist returns false()" classname="controllers.SubjectAPITest$CRUD" time="0.002"/>
  <testcase name="Adding a subject to an empty array list adds to the list()" classname="controllers.SubjectAPITest$CRUD" time="0.002"/>
  <testcase name="Adding a subject to a populated array list adds to the list()" classname="controllers.SubjectAPITest$CRUD" time="0.001"/>
  <testcase name="When the viewSubjects function is invoked on an empty list, a string is returned()" classname="controllers.SubjectAPITest$CRUD" time="0.021"/>
  <testcase name="When the viewSubjects function is invoked on a populated list, notes are returned()" classname="controllers.SubjectAPITest$CRUD" time="0.024"/>
  <system-out><![CDATA[]]></system-out>
  <system-err><![CDATA[]]></system-err>
</testsuite>
