<?xml version="1.0" encoding="UTF-8"?>
<testsuite name="controllers.SubjectAPITest$CRUD" tests="4" skipped="0" failures="0" errors="0" timestamp="2023-12-03T11:43:00" hostname="DESKTOP-H2TFO59" time="0.102">
  <properties/>
  <testcase name="Deleting an existing subject removes it from the Array List()" classname="controllers.SubjectAPITest$CRUD" time="0.081"/>
  <testcase name="Deleting a non-existent subject returns null (error handling)()" classname="controllers.SubjectAPITest$CRUD" time="0.004"/>
  <testcase name="Adding a subject to an empty array list adds to the list()" classname="controllers.SubjectAPITest$CRUD" time="0.003"/>
  <testcase name="Adding a subject to a populated array list adds to the list()" classname="controllers.SubjectAPITest$CRUD" time="0.003"/>
  <system-out><![CDATA[]]></system-out>
  <system-err><![CDATA[]]></system-err>
</testsuite>
